<?xml version="1.0" encoding="UTF-8"?>
<testng-results ignored="0" total="1" passed="1" failed="0" skipped="0">
  <reporter-output>
    <line>
      <![CDATA[ebay application is launched]]>
    </line>
    <line>
      <![CDATA[Sign button is clicked and browser window is closed]]>
    </line>
  </reporter-output>
  <suite started-at="2022-10-04T13:29:16 AEDT" name="Suite" finished-at="2022-10-04T13:29:31 AEDT" duration-ms="15126">
    <groups>
    </groups>
    <test started-at="2022-10-04T13:29:16 AEDT" name="Test" finished-at="2022-10-04T13:29:31 AEDT" duration-ms="15126">
      <class name="Ubankproject.Frameworkdesign.Loginpage">
        <test-method signature="Loginpageebay()[pri:0, instance:Ubankproject.Frameworkdesign.Loginpage@3d6f0054]" started-at="2022-10-04T13:29:16 AEDT" name="Loginpageebay" finished-at="2022-10-04T13:29:31 AEDT" duration-ms="15095" status="PASS">
          <reporter-output>
            <line>
              <![CDATA[ebay application is launched]]>
            </line>
            <line>
              <![CDATA[Sign button is clicked and browser window is closed]]>
            </line>
          </reporter-output>
        </test-method> <!-- Loginpageebay -->
      </class> <!-- Ubankproject.Frameworkdesign.Loginpage -->
    </test> <!-- Test -->
  </suite> <!-- Suite -->
</testng-results>
