<?xml version="1.0" encoding="UTF-8"?>
<testng-results ignored="0" total="1" passed="1" failed="0" skipped="0">
  <reporter-output>
    <line>
      <![CDATA[Response Body is:io.restassured.internal.RestAssuredResponseImpl@40e37b06]]>
    </line>
    <line>
      <![CDATA[Response Code is:200]]>
    </line>
  </reporter-output>
  <suite started-at="2022-10-04T08:33:41 AEDT" name="Suite" finished-at="2022-10-04T08:33:44 AEDT" duration-ms="3657">
    <groups>
    </groups>
    <test started-at="2022-10-04T08:33:41 AEDT" name="Test" finished-at="2022-10-04T08:33:44 AEDT" duration-ms="3657">
      <class name="Apitesting.PetAPIvalidation">
        <test-method signature="test2()[pri:0, instance:Apitesting.PetAPIvalidation@366647c2]" started-at="2022-10-04T08:33:41 AEDT" name="test2" finished-at="2022-10-04T08:33:44 AEDT" duration-ms="3619" status="PASS">
          <reporter-output>
            <line>
              <![CDATA[Response Body is:io.restassured.internal.RestAssuredResponseImpl@40e37b06]]>
            </line>
            <line>
              <![CDATA[Response Code is:200]]>
            </line>
          </reporter-output>
        </test-method> <!-- test2 -->
      </class> <!-- Apitesting.PetAPIvalidation -->
    </test> <!-- Test -->
  </suite> <!-- Suite -->
</testng-results>
